<?xml version="1.0" encoding="UTF-8"?>
<testsuite xmlns:xsi="http://www.w3.org/2001/XMLSchema-instance" xsi:noNamespaceSchemaLocation="https://maven.apache.org/surefire/maven-surefire-plugin/xsd/surefire-test-report.xsd" name="EmployeeTest" time="0.051" tests="5" errors="0" skipped="0" failures="2">
  <properties>
[...]
</properties>
  <testcase name="arraySize" classname="EmployeeTest" time="0.026"/>
  <testcase name="remove" classname="EmployeeTest" time="0.015">
    <failure message="expected: &lt;1&gt; but was: &lt;2&gt;" type="org.opentest4j.AssertionFailedError"><![CDATA[org.opentest4j.AssertionFailedError: expected: <1> but was: <2>
	at EmployeeTest.remove(EmployeeTest.java:49)
]]></failure>
    <system-out><![CDATA[The name length is too short
The name length is too short
 Employee details Not found, no object Removed
]]></system-out>
  </testcase>
  <testcase name="iD" classname="EmployeeTest" time="0.001"/>
  <testcase name="add" classname="EmployeeTest" time="0.001"/>
  <testcase name="name" classname="EmployeeTest" time="0.001">
    <failure message="expected: &lt;John&gt; but was: &lt;12345&gt;" type="org.opentest4j.AssertionFailedError"><![CDATA[org.opentest4j.AssertionFailedError: expected: <John> but was: <12345>
	at EmployeeTest.name(EmployeeTest.java:13)
]]></failure>
    <system-out><![CDATA[The name length is too short
]]></system-out>
  </testcase>
</testsuite>